<?xml version="1.0" encoding="UTF-8"?>
<!-- Generated by org.testng.reporters.JUnitReportReporter -->
<testsuite hostname="djaxtechp-Compaq-15-Notebook-PC" failures="0" tests="1" name="rev_1_execution.com.SeleniumExcelTest" time="3.966" errors="0" timestamp="2024-07-07T13:24:35 IST" skipped="0">
  <testcase classname="rev_1_execution.com.SeleniumExcelTest" name="ExcelSeltest" time="3.966"/>
  <system-out/>
</testsuite> <!-- rev_1_execution.com.SeleniumExcelTest -->
