<?xml version="1.0" encoding="UTF-8"?>
<!-- Generated by org.testng.reporters.JUnitReportReporter -->
<testsuite hostname="djaxtechp-Compaq-15-Notebook-PC" failures="0" tests="1" name="sauceConfigTest.SauceLoginTest" time="5.956" errors="0" timestamp="2024-07-09T14:11:06 IST" skipped="0">
  <testcase classname="sauceConfigTest.SauceLoginTest" name="TC1" time="5.956"/>
  <system-out/>
</testsuite> <!-- sauceConfigTest.SauceLoginTest -->
