<?xml version="1.0" encoding="UTF-8"?>
<!-- Generated by org.testng.reporters.JUnitReportReporter -->
<testsuite hostname="djaxtechp-Compaq-15-Notebook-PC" failures="0" tests="1" name="com.sample.com.New_TestNG_1" time="11.279" errors="0" timestamp="2024-06-26T10:47:43 IST" skipped="0">
  <testcase classname="com.sample.com.New_TestNG_1" name="f" time="11.279"/>
  <system-out/>
</testsuite> <!-- com.sample.com.New_TestNG_1 -->
