<?xml version="1.0" encoding="UTF-8"?>
<!-- Generated by org.testng.reporters.JUnitReportReporter -->
<testsuite hostname="djaxtechp-Compaq-15-Notebook-PC" failures="0" tests="1" name="config.Excel" time="1.002" errors="0" timestamp="2024-07-09T21:49:31 IST" skipped="0">
  <testcase classname="config.Excel" name="XCEL" time="1.002"/>
  <system-out/>
</testsuite> <!-- config.Excel -->
