<?xml version="1.0" encoding="UTF-8"?>
<!-- Generated by org.testng.reporters.JUnitReportReporter -->
<testsuite hostname="djaxtechp-Compaq-15-Notebook-PC" failures="0" tests="1" name="config.ConfigClass" time="0.016" errors="0" timestamp="2024-07-09T11:12:30 IST" skipped="0">
  <testcase classname="config.ConfigClass" name="readProperties" time="0.016"/>
  <system-out/>
</testsuite> <!-- config.ConfigClass -->
