<?xml version="1.0" encoding="UTF-8"?>
<!-- Generated by org.testng.reporters.JUnitReportReporter -->
<testsuite hostname="djaxtechp-Compaq-15-Notebook-PC" failures="0" tests="1" name="config.Test_1" time="7.369" errors="0" timestamp="2024-07-18T14:55:30 IST" skipped="0">
  <testcase classname="config.Test_1" name="TC1" time="7.369"/>
  <system-out/>
</testsuite> <!-- config.Test_1 -->
