<?xml version="1.0" encoding="UTF-8"?>
<!-- Generated by org.testng.reporters.JUnitReportReporter -->
<testsuite hostname="djaxtechp-Compaq-15-Notebook-PC" failures="0" tests="1" name="saucedemoTestExecution.Execution" time="3.762" errors="0" timestamp="2024-07-06T17:44:11 IST" skipped="0">
  <testcase classname="saucedemoTestExecution.Execution" name="TestExecution_1" time="3.762"/>
  <system-out/>
</testsuite> <!-- saucedemoTestExecution.Execution -->
